<?xml version="1.0" encoding="UTF-8"?>
<!-- Generated by org.testng.reporters.JUnitReportReporter -->
<testsuite hostname="LAPTOP-1QB08UTG" failures="0" tests="1" name="com.ect.testcases.SearchTestCase" time="7.907" errors="0" timestamp="2024-06-26T21:03:48 IST" skipped="0">
  <testcase classname="com.ect.testcases.SearchTestCase" name="searchProduct" time="7.907"/>
</testsuite> <!-- com.ect.testcases.SearchTestCase -->
